nohup: ./PPGo_Job: No such file or directory
[ORM]2017/08/16 09:38:35  -[Queries/default] - [  OK / db.QueryRow /    20.4ms] - [SELECT COUNT(*) FROM `pp_task` T0 WHERE T0.`status` = ? ] - `1`
[ORM]2017/08/16 09:38:35  -[Queries/default] - [  OK /    db.Query /     0.8ms] - [SELECT T0.`id`, T0.`user_id`, T0.`group_id`, T0.`task_name`, T0.`task_type`, T0.`description`, T0.`cron_spec`, T0.`concurrent`, T0.`command`, T0.`status`, T0.`notify`, T0.`notify_email`, T0.`timeout`, T0.`execute_times`, T0.`prev_time`, T0.`create_time` FROM `pp_task` T0 WHERE T0.`status` = ? ORDER BY T0.`id` DESC LIMIT 1000000] - `1`
2017/08/16 09:38:35 [1;34m[I] [asm_amd64.s:2197] http server Running on http://:8080[0m
2017/08/16 09:38:40 [1;44m[D] [server.go:2568] |      127.0.0.1|[42m 200 [0m|   1.098433ms|   match|[44m GET     [0m /login   r:/login[0m
2017/08/16 09:38:40 [1;44m[D] [server.go:2568] |      127.0.0.1|[42m 200 [0m|    405.271Âµs|   match|[44m GET     [0m /static/login/style.css[0m
2017/08/16 09:38:40 [1;44m[D] [server.go:2568] |      127.0.0.1|[42m 200 [0m|   4.183452ms|   match|[44m GET     [0m /static/bootstrap/css/bootstrap.min.css[0m
2017/08/16 09:38:40 [1;44m[D] [server.go:2568] |      127.0.0.1|[42m 200 [0m|   5.848598ms|   match|[44m GET     [0m /static/js/jquery-1.11.1.min.js[0m
2017/08/16 09:38:40 [1;44m[D] [server.go:2568] |      127.0.0.1|[42m 200 [0m|   7.361263ms|   match|[44m GET     [0m /static/bootstrap/js/bootstrap.js[0m
2017/08/16 09:38:40 [1;44m[D] [server.go:2568] |      127.0.0.1|[42m 200 [0m|   1.723698ms|   match|[44m GET     [0m /static/login/background.jpg[0m
2017/08/16 09:38:40 [1;44m[D] [server.go:2568] |      127.0.0.1|[43m 404 [0m|    329.057Âµs| nomatch|[44m GET     [0m /static/img/favicon.png[0m
[ORM]2017/08/16 09:38:42  -[Queries/default] - [  OK /    db.Query /     9.1ms] - [SELECT T0.`id`, T0.`user_name`, T0.`password`, T0.`salt`, T0.`email`, T0.`last_login`, T0.`last_ip`, T0.`status` FROM `pp_user` T0 WHERE T0.`user_name` = ? LIMIT 1] - `admin`
[ORM]2017/08/16 09:38:42  -[Queries/default] - [  OK /     db.Exec /     4.3ms] - [UPDATE `pp_user` SET `user_name` = ?, `password` = ?, `salt` = ?, `email` = ?, `last_login` = ?, `last_ip` = ?, `status` = ? WHERE `id` = ?] - `admin`, `abfcf6dcedfb4b5b1505d41a8b4c77e8`, `aYk4Q1P83v`, `haodaquan@shoplinq.cn`, `1502847522`, `[`, `0`, `1`
[ORM]2017/08/16 09:38:42  -[Queries/default] - [  OK /    db.Query /     0.5ms] - [SELECT T0.`id`, T0.`user_name`, T0.`password`, T0.`salt`, T0.`email`, T0.`last_login`, T0.`last_ip`, T0.`status` FROM `pp_user` T0 WHERE T0.`id` = ? LIMIT 1] - `1`
[ORM]2017/08/16 09:38:42  -[Queries/default] - [  OK / db.QueryRow /     0.7ms] - [SELECT COUNT(*) FROM `pp_task` T0 ]
[ORM]2017/08/16 09:38:42  -[Queries/default] - [  OK /    db.Query /     1.0ms] - [SELECT T0.`id`, T0.`user_id`, T0.`group_id`, T0.`task_name`, T0.`task_type`, T0.`description`, T0.`cron_spec`, T0.`concurrent`, T0.`command`, T0.`status`, T0.`notify`, T0.`notify_email`, T0.`timeout`, T0.`execute_times`, T0.`prev_time`, T0.`create_time` FROM `pp_task` T0 ORDER BY T0.`id` DESC LIMIT 20]
[ORM]2017/08/16 09:38:42  -[Queries/default] - [  OK / db.QueryRow /     3.6ms] - [SELECT COUNT(*) FROM `pp_task_group` T0 ]
[ORM]2017/08/16 09:38:42  -[Queries/default] - [  OK /    db.Query /     1.5ms] - [SELECT T0.`id`, T0.`user_id`, T0.`group_name`, T0.`description`, T0.`create_time` FROM `pp_task_group` T0 ORDER BY T0.`id` DESC LIMIT 100]
2017/08/16 09:38:42 [1;44m[D] [server.go:2568] |      127.0.0.1|[42m 200 [0m|   10.55596ms|   match|[44m GET     [0m /task/list   r:/task/list/*[0m
2017/08/16 09:38:42 [1;44m[D] [server.go:2568] |      127.0.0.1|[42m 200 [0m|   1.173247ms|   match|[44m GET     [0m /static/css/dermaorange.css[0m
2017/08/16 09:38:42 [1;44m[D] [server.go:2568] |      127.0.0.1|[42m 200 [0m|    628.292Âµs|   match|[44m GET     [0m /static/css/dermadefault.css[0m
2017/08/16 09:38:42 [1;44m[D] [server.go:2568] |      127.0.0.1|[42m 200 [0m|   1.808048ms|   match|[44m GET     [0m /static/css/style.css[0m
2017/08/16 09:38:42 [1;44m[D] [server.go:2568] |      127.0.0.1|[42m 200 [0m|   1.171345ms|   match|[44m GET     [0m /static/css/templatecss.css[0m
2017/08/16 09:38:42 [1;44m[D] [server.go:2568] |      127.0.0.1|[42m 200 [0m|   2.631179ms|   match|[44m GET     [0m /static/css/dermagreen.css[0m
2017/08/16 09:38:42 [1;44m[D] [server.go:2568] |      127.0.0.1|[42m 200 [0m|   2.248771ms|   match|[44m GET     [0m /static/js/jquery.cookie.js[0m
2017/08/16 09:38:42 [1;44m[D] [server.go:2568] |      127.0.0.1|[42m 200 [0m|    809.603Âµs|   match|[44m GET     [0m /static/bootstrap/js/bootstrap.min.js[0m
2017/08/16 09:38:42 [1;44m[D] [server.go:2568] |      127.0.0.1|[42m 200 [0m|    367.119Âµs|   match|[44m GET     [0m /static/bootstrap/fonts/glyphicons-halflings-regular.woff2[0m
[ORM]2017/08/16 09:38:42  -[Queries/default] - [  OK /    db.Query /     0.4ms] - [SELECT T0.`id`, T0.`user_name`, T0.`password`, T0.`salt`, T0.`email`, T0.`last_login`, T0.`last_ip`, T0.`status` FROM `pp_user` T0 WHERE T0.`id` = ? LIMIT 1] - `1`
2017/08/16 09:38:42 [1;44m[D] [server.go:2568] |      127.0.0.1|[43m 404 [0m|    278.275Âµs| nomatch|[44m GET     [0m /favicon.ico[0m
[ORM]2017/08/16 09:38:47  -[Queries/default] - [  OK /    db.Query /     1.8ms] - [SELECT T0.`id`, T0.`user_name`, T0.`password`, T0.`salt`, T0.`email`, T0.`last_login`, T0.`last_ip`, T0.`status` FROM `pp_user` T0 WHERE T0.`id` = ? LIMIT 1] - `1`
[ORM]2017/08/16 09:38:47  -[Queries/default] - [  OK / db.QueryRow /     0.1ms] - [SELECT COUNT(*) FROM `pp_task_group` T0 ]
[ORM]2017/08/16 09:38:47  -[Queries/default] - [  OK /    db.Query /     0.2ms] - [SELECT T0.`id`, T0.`user_id`, T0.`group_name`, T0.`description`, T0.`create_time` FROM `pp_task_group` T0 ORDER BY T0.`id` DESC LIMIT 20]
2017/08/16 09:38:47 [1;44m[D] [server.go:2568] |      127.0.0.1|[42m 200 [0m|   4.738919ms|   match|[44m GET     [0m /group/list   r:/group/list/*[0m
[ORM]2017/08/16 09:38:47  -[Queries/default] - [  OK /    db.Query /     0.6ms] - [SELECT T0.`id`, T0.`user_name`, T0.`password`, T0.`salt`, T0.`email`, T0.`last_login`, T0.`last_ip`, T0.`status` FROM `pp_user` T0 WHERE T0.`id` = ? LIMIT 1] - `1`
[ORM]2018/03/16 16:59:55  -[Queries/default] - [  OK / db.QueryRow /     3.1ms] - [SELECT COUNT(*) FROM `pp_task` T0 WHERE T0.`status` = ? ] - `1`
[ORM]2018/03/16 16:59:55  -[Queries/default] - [  OK /    db.Query /     1.0ms] - [SELECT T0.`id`, T0.`user_id`, T0.`server_id`, T0.`group_id`, T0.`task_name`, T0.`task_type`, T0.`description`, T0.`cron_spec`, T0.`concurrent`, T0.`command`, T0.`status`, T0.`timeout`, T0.`execute_times`, T0.`prev_time`, T0.`create_time` FROM `pp_task` T0 WHERE T0.`status` = ? ORDER BY T0.`id` DESC LIMIT 1000000] - `1`
2018/03/16 16:59:55.499 [1;34m[I] [asm_amd64.s:2361] http server Running on http://:8080[0m
2018/03/16 16:59:55.500 [1;35m[C] [asm_amd64.s:2361] ListenAndServe:  listen tcp :8080: bind: address already in use[0m
[ORM]2018/03/16 17:01:25  -[Queries/default] - [  OK / db.QueryRow /     0.3ms] - [SELECT COUNT(*) FROM `pp_task` T0 WHERE T0.`status` = ? ] - `1`
[ORM]2018/03/16 17:01:25  -[Queries/default] - [  OK /    db.Query /     0.3ms] - [SELECT T0.`id`, T0.`user_id`, T0.`server_id`, T0.`group_id`, T0.`task_name`, T0.`task_type`, T0.`description`, T0.`cron_spec`, T0.`concurrent`, T0.`command`, T0.`status`, T0.`timeout`, T0.`execute_times`, T0.`prev_time`, T0.`create_time` FROM `pp_task` T0 WHERE T0.`status` = ? ORDER BY T0.`id` DESC LIMIT 1000000] - `1`
2018/03/16 17:01:25.060 [1;34m[I] [asm_amd64.s:2361] http server Running on http://:8001[0m
2018/03/16 17:01:27.792 [1;44m[D] [server.go:2694] ::1 - - [16/Mar/2018 05:01:27] "GET /login HTTP/1.1 200 0" 0.000891  Mozilla/5.0 (Macintosh; Intel Mac OS X 10_13_3) AppleWebKit/537.36 (KHTML, like Gecko) Chrome/64.0.3282.186 Safari/537.36
[0m
2018/03/16 17:01:27.813 [1;44m[D] [server.go:2694] ::1 - - [16/Mar/2018 05:01:27] "GET /static/login/style.css HTTP/1.1 200 0" 0.000592 http://localhost:8001/login Mozilla/5.0 (Macintosh; Intel Mac OS X 10_13_3) AppleWebKit/537.36 (KHTML, like Gecko) Chrome/64.0.3282.186 Safari/537.36
[0m
2018/03/16 17:01:27.820 [1;44m[D] [server.go:2694] ::1 - - [16/Mar/2018 05:01:27] "GET /static/bootstrap/css/bootstrap.min.css HTTP/1.1 200 0" 0.003736 http://localhost:8001/login Mozilla/5.0 (Macintosh; Intel Mac OS X 10_13_3) AppleWebKit/537.36 (KHTML, like Gecko) Chrome/64.0.3282.186 Safari/537.36
[0m
2018/03/16 17:01:27.824 [1;44m[D] [server.go:2694] ::1 - - [16/Mar/2018 05:01:27] "GET /static/js/jquery-1.11.1.min.js HTTP/1.1 200 0" 0.001504 http://localhost:8001/login Mozilla/5.0 (Macintosh; Intel Mac OS X 10_13_3) AppleWebKit/537.36 (KHTML, like Gecko) Chrome/64.0.3282.186 Safari/537.36
[0m
2018/03/16 17:01:27.825 [1;44m[D] [server.go:2694] ::1 - - [16/Mar/2018 05:01:27] "GET /static/bootstrap/js/bootstrap.js HTTP/1.1 200 0" 0.002453 http://localhost:8001/login Mozilla/5.0 (Macintosh; Intel Mac OS X 10_13_3) AppleWebKit/537.36 (KHTML, like Gecko) Chrome/64.0.3282.186 Safari/537.36
[0m
2018/03/16 17:01:27.981 [1;44m[D] [server.go:2694] ::1 - - [16/Mar/2018 05:01:27] "GET /static/login/background.jpg HTTP/1.1 200 0" 0.002712 http://localhost:8001/static/login/style.css Mozilla/5.0 (Macintosh; Intel Mac OS X 10_13_3) AppleWebKit/537.36 (KHTML, like Gecko) Chrome/64.0.3282.186 Safari/537.36
[0m
2018/03/16 17:01:28.119 [1;44m[D] [server.go:2694] ::1 - - [16/Mar/2018 05:01:28] "GET /static/img/favicon.png HTTP/1.1 404 0" 0.000796 http://localhost:8001/login Mozilla/5.0 (Macintosh; Intel Mac OS X 10_13_3) AppleWebKit/537.36 (KHTML, like Gecko) Chrome/64.0.3282.186 Safari/537.36
[0m
[ORM]2018/03/16 17:15:29  -[Queries/default] - [  OK /    db.Query /     0.7ms] - [SELECT T0.`id`, T0.`user_name`, T0.`password`, T0.`salt`, T0.`email`, T0.`last_login`, T0.`last_ip`, T0.`status` FROM `pp_user` T0 WHERE T0.`user_name` = ? LIMIT 1] - `admin`
[ORM]2018/03/16 17:15:29  -[Queries/default] - [  OK /     db.Exec /     3.7ms] - [UPDATE `pp_user` SET `user_name` = ?, `password` = ?, `salt` = ?, `email` = ?, `last_login` = ?, `last_ip` = ?, `status` = ? WHERE `id` = ?] - `admin`, `abfcf6dcedfb4b5b1505d41a8b4c77e8`, `aYk4Q1P83v`, `haodaquan@shoplinq.cn`, `1521191729`, `[`, `0`, `1`
[ORM]2018/03/16 17:15:29  -[Queries/default] - [  OK /    db.Query /     0.3ms] - [SELECT T0.`id`, T0.`user_name`, T0.`password`, T0.`salt`, T0.`email`, T0.`last_login`, T0.`last_ip`, T0.`status` FROM `pp_user` T0 WHERE T0.`id` = ? LIMIT 1] - `1`
[ORM]2018/03/16 17:15:29  -[Queries/default] - [  OK / db.QueryRow /     0.1ms] - [SELECT COUNT(*) FROM `pp_task` T0 ]
[ORM]2018/03/16 17:15:29  -[Queries/default] - [  OK /    db.Query /     0.2ms] - [SELECT T0.`id`, T0.`user_id`, T0.`server_id`, T0.`group_id`, T0.`task_name`, T0.`task_type`, T0.`description`, T0.`cron_spec`, T0.`concurrent`, T0.`command`, T0.`status`, T0.`timeout`, T0.`execute_times`, T0.`prev_time`, T0.`create_time` FROM `pp_task` T0 ORDER BY T0.`id` DESC LIMIT 20]
[ORM]2018/03/16 17:15:29  -[Queries/default] - [  OK / db.QueryRow /     0.1ms] - [SELECT COUNT(*) FROM `pp_task_group` T0 ]
[ORM]2018/03/16 17:15:29  -[Queries/default] - [  OK /    db.Query /     0.1ms] - [SELECT T0.`id`, T0.`user_id`, T0.`group_name`, T0.`description`, T0.`create_time` FROM `pp_task_group` T0 ORDER BY T0.`id` DESC LIMIT 100]
[ORM]2018/03/16 17:15:29  -[Queries/default] - [  OK / db.QueryRow /     0.1ms] - [SELECT COUNT(*) FROM `pp_task_server` T0 ]
[ORM]2018/03/16 17:15:29  -[Queries/default] - [  OK /    db.Query /     0.1ms] - [SELECT T0.`id`, T0.`server_name`, T0.`server_account`, T0.`server_ip`, T0.`port`, T0.`password`, T0.`private_key_src`, T0.`public_key_src`, T0.`type`, T0.`detail`, T0.`create_time`, T0.`update_time`, T0.`status` FROM `pp_task_server` T0 ORDER BY T0.`id` DESC LIMIT 100]
2018/03/16 17:15:29.348 [1;44m[D] [server.go:2694] ::1 - - [16/Mar/2018 05:15:29] "GET /task/list HTTP/1.1 200 0" 0.007916 http://localhost:8001/login Mozilla/5.0 (Macintosh; Intel Mac OS X 10_13_3) AppleWebKit/537.36 (KHTML, like Gecko) Chrome/64.0.3282.186 Safari/537.36
[0m
2018/03/16 17:15:29.372 [1;44m[D] [server.go:2694] ::1 - - [16/Mar/2018 05:15:29] "GET /static/bootstrap/css/bootstrap.min.css HTTP/1.1 304 0" 0.000073 http://localhost:8001/task/list Mozilla/5.0 (Macintosh; Intel Mac OS X 10_13_3) AppleWebKit/537.36 (KHTML, like Gecko) Chrome/64.0.3282.186 Safari/537.36
[0m
2018/03/16 17:15:29.380 [1;44m[D] [server.go:2694] ::1 - - [16/Mar/2018 05:15:29] "GET /static/css/style.css HTTP/1.1 200 0" 0.001105 http://localhost:8001/task/list Mozilla/5.0 (Macintosh; Intel Mac OS X 10_13_3) AppleWebKit/537.36 (KHTML, like Gecko) Chrome/64.0.3282.186 Safari/537.36
[0m
2018/03/16 17:15:29.382 [1;44m[D] [server.go:2694] ::1 - - [16/Mar/2018 05:15:29] "GET /static/css/dermagreen.css HTTP/1.1 200 0" 0.002101 http://localhost:8001/task/list Mozilla/5.0 (Macintosh; Intel Mac OS X 10_13_3) AppleWebKit/537.36 (KHTML, like Gecko) Chrome/64.0.3282.186 Safari/537.36
[0m
2018/03/16 17:15:29.383 [1;44m[D] [server.go:2694] ::1 - - [16/Mar/2018 05:15:29] "GET /static/css/dermadefault.css HTTP/1.1 200 0" 0.002993 http://localhost:8001/task/list Mozilla/5.0 (Macintosh; Intel Mac OS X 10_13_3) AppleWebKit/537.36 (KHTML, like Gecko) Chrome/64.0.3282.186 Safari/537.36
[0m
2018/03/16 17:15:29.385 [1;44m[D] [server.go:2694] ::1 - - [16/Mar/2018 05:15:29] "GET /static/css/dermaorange.css HTTP/1.1 200 0" 0.000487 http://localhost:8001/task/list Mozilla/5.0 (Macintosh; Intel Mac OS X 10_13_3) AppleWebKit/537.36 (KHTML, like Gecko) Chrome/64.0.3282.186 Safari/537.36
[0m
2018/03/16 17:15:29.386 [1;44m[D] [server.go:2694] ::1 - - [16/Mar/2018 05:15:29] "GET /static/js/jquery.cookie.js HTTP/1.1 200 0" 0.001213 http://localhost:8001/task/list Mozilla/5.0 (Macintosh; Intel Mac OS X 10_13_3) AppleWebKit/537.36 (KHTML, like Gecko) Chrome/64.0.3282.186 Safari/537.36
[0m
2018/03/16 17:15:29.388 [1;44m[D] [server.go:2694] ::1 - - [16/Mar/2018 05:15:29] "GET /static/css/templatecss.css HTTP/1.1 200 0" 0.002092 http://localhost:8001/task/list Mozilla/5.0 (Macintosh; Intel Mac OS X 10_13_3) AppleWebKit/537.36 (KHTML, like Gecko) Chrome/64.0.3282.186 Safari/537.36
[0m
2018/03/16 17:15:29.388 [1;44m[D] [server.go:2694] ::1 - - [16/Mar/2018 05:15:29] "GET /static/js/jquery-1.11.1.min.js HTTP/1.1 304 0" 0.000500 http://localhost:8001/task/list Mozilla/5.0 (Macintosh; Intel Mac OS X 10_13_3) AppleWebKit/537.36 (KHTML, like Gecko) Chrome/64.0.3282.186 Safari/537.36
[0m
2018/03/16 17:15:29.392 [1;44m[D] [server.go:2694] ::1 - - [16/Mar/2018 05:15:29] "GET /static/bootstrap/js/bootstrap.min.js HTTP/1.1 200 0" 0.001192 http://localhost:8001/task/list Mozilla/5.0 (Macintosh; Intel Mac OS X 10_13_3) AppleWebKit/537.36 (KHTML, like Gecko) Chrome/64.0.3282.186 Safari/537.36
[0m
2018/03/16 17:15:29.539 [1;44m[D] [server.go:2694] ::1 - - [16/Mar/2018 05:15:29] "GET /static/bootstrap/fonts/glyphicons-halflings-regular.woff2 HTTP/1.1 200 0" 0.008207 http://localhost:8001/static/bootstrap/css/bootstrap.min.css Mozilla/5.0 (Macintosh; Intel Mac OS X 10_13_3) AppleWebKit/537.36 (KHTML, like Gecko) Chrome/64.0.3282.186 Safari/537.36
[0m
[ORM]2018/03/16 17:15:29  -[Queries/default] - [  OK /    db.Query /     0.4ms] - [SELECT T0.`id`, T0.`user_name`, T0.`password`, T0.`salt`, T0.`email`, T0.`last_login`, T0.`last_ip`, T0.`status` FROM `pp_user` T0 WHERE T0.`id` = ? LIMIT 1] - `1`
2018/03/16 17:15:29.728 [1;44m[D] [server.go:2694] ::1 - - [16/Mar/2018 05:15:29] "GET /favicon.ico HTTP/1.1 404 0" 0.000740 http://localhost:8001/task/list Mozilla/5.0 (Macintosh; Intel Mac OS X 10_13_3) AppleWebKit/537.36 (KHTML, like Gecko) Chrome/64.0.3282.186 Safari/537.36
[0m
[ORM]2018/03/16 17:15:39  -[Queries/default] - [  OK /    db.Query /     1.9ms] - [SELECT T0.`id`, T0.`user_name`, T0.`password`, T0.`salt`, T0.`email`, T0.`last_login`, T0.`last_ip`, T0.`status` FROM `pp_user` T0 WHERE T0.`id` = ? LIMIT 1] - `1`
[ORM]2018/03/16 17:15:39  -[Queries/default] - [  OK / db.QueryRow /     0.5ms] - [SELECT `id`, `user_id`, `server_id`, `group_id`, `task_name`, `task_type`, `description`, `cron_spec`, `concurrent`, `command`, `status`, `timeout`, `execute_times`, `prev_time`, `create_time` FROM `pp_task` WHERE `id` = ? ] - `9`
[ORM]2018/03/16 17:15:39  -[Queries/default] - [  OK / db.QueryRow /     0.1ms] - [SELECT COUNT(*) FROM `pp_task_group` T0 ]
[ORM]2018/03/16 17:15:39  -[Queries/default] - [  OK /    db.Query /     0.1ms] - [SELECT T0.`id`, T0.`user_id`, T0.`group_name`, T0.`description`, T0.`create_time` FROM `pp_task_group` T0 ORDER BY T0.`id` DESC LIMIT 100]
[ORM]2018/03/16 17:15:39  -[Queries/default] - [  OK / db.QueryRow /     0.1ms] - [SELECT COUNT(*) FROM `pp_task_server` T0 ]
[ORM]2018/03/16 17:15:39  -[Queries/default] - [  OK /    db.Query /     0.1ms] - [SELECT T0.`id`, T0.`server_name`, T0.`server_account`, T0.`server_ip`, T0.`port`, T0.`password`, T0.`private_key_src`, T0.`public_key_src`, T0.`type`, T0.`detail`, T0.`create_time`, T0.`update_time`, T0.`status` FROM `pp_task_server` T0 ORDER BY T0.`id` DESC LIMIT 100]
2018/03/16 17:15:39.829 [1;44m[D] [server.go:2694] ::1 - - [16/Mar/2018 05:15:39] "GET /task/edit?id=9 HTTP/1.1 200 0" 0.013568 http://localhost:8001/task/list Mozilla/5.0 (Macintosh; Intel Mac OS X 10_13_3) AppleWebKit/537.36 (KHTML, like Gecko) Chrome/64.0.3282.186 Safari/537.36
[0m
[ORM]2018/03/16 17:15:40  -[Queries/default] - [  OK /    db.Query /     0.4ms] - [SELECT T0.`id`, T0.`user_name`, T0.`password`, T0.`salt`, T0.`email`, T0.`last_login`, T0.`last_ip`, T0.`status` FROM `pp_user` T0 WHERE T0.`id` = ? LIMIT 1] - `1`
[ORM]2018/03/16 17:16:08  -[Queries/default] - [  OK /    db.Query /     0.5ms] - [SELECT T0.`id`, T0.`user_name`, T0.`password`, T0.`salt`, T0.`email`, T0.`last_login`, T0.`last_ip`, T0.`status` FROM `pp_user` T0 WHERE T0.`id` = ? LIMIT 1] - `1`
[ORM]2018/03/16 17:16:08  -[Queries/default] - [  OK / db.QueryRow /     0.4ms] - [SELECT `id`, `user_id`, `server_id`, `group_id`, `task_name`, `task_type`, `description`, `cron_spec`, `concurrent`, `command`, `status`, `timeout`, `execute_times`, `prev_time`, `create_time` FROM `pp_task` WHERE `id` = ? ] - `1`
[ORM]2018/03/16 17:16:08  -[Queries/default] - [  OK / db.QueryRow /     0.1ms] - [SELECT COUNT(*) FROM `pp_task_group` T0 ]
[ORM]2018/03/16 17:16:08  -[Queries/default] - [  OK /    db.Query /     0.1ms] - [SELECT T0.`id`, T0.`user_id`, T0.`group_name`, T0.`description`, T0.`create_time` FROM `pp_task_group` T0 ORDER BY T0.`id` DESC LIMIT 100]
[ORM]2018/03/16 17:16:08  -[Queries/default] - [  OK / db.QueryRow /     0.1ms] - [SELECT COUNT(*) FROM `pp_task_server` T0 ]
[ORM]2018/03/16 17:16:08  -[Queries/default] - [  OK /    db.Query /     0.1ms] - [SELECT T0.`id`, T0.`server_name`, T0.`server_account`, T0.`server_ip`, T0.`port`, T0.`password`, T0.`private_key_src`, T0.`public_key_src`, T0.`type`, T0.`detail`, T0.`create_time`, T0.`update_time`, T0.`status` FROM `pp_task_server` T0 ORDER BY T0.`id` DESC LIMIT 100]
2018/03/16 17:16:08.778 [1;44m[D] [server.go:2694] ::1 - - [16/Mar/2018 05:16:08] "GET /task/edit?id=1 HTTP/1.1 200 0" 0.012351 http://localhost:8001/task/list Mozilla/5.0 (Macintosh; Intel Mac OS X 10_13_3) AppleWebKit/537.36 (KHTML, like Gecko) Chrome/64.0.3282.186 Safari/537.36
[0m
[ORM]2018/03/16 17:16:08  -[Queries/default] - [  OK /    db.Query /     2.5ms] - [SELECT T0.`id`, T0.`user_name`, T0.`password`, T0.`salt`, T0.`email`, T0.`last_login`, T0.`last_ip`, T0.`status` FROM `pp_user` T0 WHERE T0.`id` = ? LIMIT 1] - `1`
[ORM]2018/03/16 17:16:17  -[Queries/default] - [  OK /    db.Query /     0.3ms] - [SELECT T0.`id`, T0.`user_name`, T0.`password`, T0.`salt`, T0.`email`, T0.`last_login`, T0.`last_ip`, T0.`status` FROM `pp_user` T0 WHERE T0.`id` = ? LIMIT 1] - `1`
[ORM]2018/03/16 17:16:17  -[Queries/default] - [  OK / db.QueryRow /     0.2ms] - [SELECT `id`, `user_id`, `server_id`, `group_id`, `task_name`, `task_type`, `description`, `cron_spec`, `concurrent`, `command`, `status`, `timeout`, `execute_times`, `prev_time`, `create_time` FROM `pp_task` WHERE `id` = ? ] - `1`
[ORM]2018/03/16 17:16:17  -[Queries/default] - [  OK /     db.Exec /     0.5ms] - [UPDATE `pp_task` SET `user_id` = ?, `server_id` = ?, `group_id` = ?, `task_name` = ?, `task_type` = ?, `description` = ?, `cron_spec` = ?, `concurrent` = ?, `command` = ?, `status` = ?, `timeout` = ?, `execute_times` = ?, `prev_time` = ?, `create_time` = ? WHERE `id` = ?] - `1`, `0`, `2`, `æµ‹è¯•ä»»åŠ¡åç§°`, `0`, `æµ‹è¯•ä»»åŠ¡è¯´æ˜Ž`, `0 0/1 11 * *`, `0`, `echo "hello\n" >> /tmp/test_cron1.log`, `1`, `0`, `47`, `1502941758`, `1497855526`, `1`
[ORM]2018/03/16 17:16:18  -[Queries/default] - [  OK /    db.Query /     0.4ms] - [SELECT T0.`id`, T0.`user_name`, T0.`password`, T0.`salt`, T0.`email`, T0.`last_login`, T0.`last_ip`, T0.`status` FROM `pp_user` T0 WHERE T0.`id` = ? LIMIT 1] - `1`
[ORM]2018/03/16 17:16:18  -[Queries/default] - [  OK / db.QueryRow /     0.1ms] - [SELECT COUNT(*) FROM `pp_task` T0 ]
[ORM]2018/03/16 17:16:18  -[Queries/default] - [  OK /    db.Query /     0.2ms] - [SELECT T0.`id`, T0.`user_id`, T0.`server_id`, T0.`group_id`, T0.`task_name`, T0.`task_type`, T0.`description`, T0.`cron_spec`, T0.`concurrent`, T0.`command`, T0.`status`, T0.`timeout`, T0.`execute_times`, T0.`prev_time`, T0.`create_time` FROM `pp_task` T0 ORDER BY T0.`id` DESC LIMIT 20]
[ORM]2018/03/16 17:16:18  -[Queries/default] - [  OK / db.QueryRow /     0.1ms] - [SELECT COUNT(*) FROM `pp_task_group` T0 ]
[ORM]2018/03/16 17:16:18  -[Queries/default] - [  OK /    db.Query /     0.1ms] - [SELECT T0.`id`, T0.`user_id`, T0.`group_name`, T0.`description`, T0.`create_time` FROM `pp_task_group` T0 ORDER BY T0.`id` DESC LIMIT 100]
[ORM]2018/03/16 17:16:18  -[Queries/default] - [  OK / db.QueryRow /     0.1ms] - [SELECT COUNT(*) FROM `pp_task_server` T0 ]
[ORM]2018/03/16 17:16:18  -[Queries/default] - [  OK /    db.Query /     0.1ms] - [SELECT T0.`id`, T0.`server_name`, T0.`server_account`, T0.`server_ip`, T0.`port`, T0.`password`, T0.`private_key_src`, T0.`public_key_src`, T0.`type`, T0.`detail`, T0.`create_time`, T0.`update_time`, T0.`status` FROM `pp_task_server` T0 ORDER BY T0.`id` DESC LIMIT 100]
2018/03/16 17:16:18.011 [1;44m[D] [server.go:2694] ::1 - - [16/Mar/2018 05:16:18] "GET /task/list HTTP/1.1 200 0" 0.008788 http://localhost:8001/task/list Mozilla/5.0 (Macintosh; Intel Mac OS X 10_13_3) AppleWebKit/537.36 (KHTML, like Gecko) Chrome/64.0.3282.186 Safari/537.36
[0m
[ORM]2018/03/16 17:16:18  -[Queries/default] - [  OK /    db.Query /     0.3ms] - [SELECT T0.`id`, T0.`user_name`, T0.`password`, T0.`salt`, T0.`email`, T0.`last_login`, T0.`last_ip`, T0.`status` FROM `pp_user` T0 WHERE T0.`id` = ? LIMIT 1] - `1`
[ORM]2018/03/16 17:16:31  -[Queries/default] - [  OK /    db.Query /     1.0ms] - [SELECT T0.`id`, T0.`user_name`, T0.`password`, T0.`salt`, T0.`email`, T0.`last_login`, T0.`last_ip`, T0.`status` FROM `pp_user` T0 WHERE T0.`id` = ? LIMIT 1] - `1`
[ORM]2018/03/16 17:16:31  -[Queries/default] - [  OK / db.QueryRow /     0.3ms] - [SELECT `id`, `user_id`, `server_id`, `group_id`, `task_name`, `task_type`, `description`, `cron_spec`, `concurrent`, `command`, `status`, `timeout`, `execute_times`, `prev_time`, `create_time` FROM `pp_task` WHERE `id` = ? ] - `1`
2018/03/16 17:16:31.815 [1;44m[D] [job.go:232] å¼€å§‹æ‰§è¡Œä»»åŠ¡: 1 [0m
[ORM]2018/03/16 17:16:31  -[Queries/default] - [  OK /     db.Exec /     1.5ms] - [INSERT INTO `pp_task_log` (`task_id`, `output`, `error`, `status`, `process_time`, `create_time`) VALUES (?, ?, ?, ?, ?, ?)] - `1`, ``, ``, `0`, `16`, `1521191791`
[ORM]2018/03/16 17:16:31  -[Queries/default] - [  OK /     db.Exec /     1.3ms] - [UPDATE `pp_task` SET `prev_time` = ?, `execute_times` = ? WHERE `id` = ?] - `1521191791`, `48`, `1`
[ORM]2018/03/16 17:16:31  -[Queries/default] - [  OK /    db.Query /     0.3ms] - [SELECT T0.`id`, T0.`user_name`, T0.`password`, T0.`salt`, T0.`email`, T0.`last_login`, T0.`last_ip`, T0.`status` FROM `pp_user` T0 WHERE T0.`id` = ? LIMIT 1] - `1`
[ORM]2018/03/16 17:16:31  -[Queries/default] - [  OK / db.QueryRow /     0.2ms] - [SELECT `id`, `task_id`, `output`, `error`, `status`, `process_time`, `create_time` FROM `pp_task_log` WHERE `id` = ? ] - `21`
[ORM]2018/03/16 17:16:31  -[Queries/default] - [  OK / db.QueryRow /     0.2ms] - [SELECT `id`, `user_id`, `server_id`, `group_id`, `task_name`, `task_type`, `description`, `cron_spec`, `concurrent`, `command`, `status`, `timeout`, `execute_times`, `prev_time`, `create_time` FROM `pp_task` WHERE `id` = ? ] - `1`
2018/03/16 17:16:31.843 [1;44m[D] [server.go:2694] ::1 - - [16/Mar/2018 05:16:31] "GET /task/viewlog?id=21 HTTP/1.1 200 0" 0.004828 http://localhost:8001/task/list Mozilla/5.0 (Macintosh; Intel Mac OS X 10_13_3) AppleWebKit/537.36 (KHTML, like Gecko) Chrome/64.0.3282.186 Safari/537.36
[0m
[ORM]2018/03/16 17:16:32  -[Queries/default] - [  OK /    db.Query /     0.4ms] - [SELECT T0.`id`, T0.`user_name`, T0.`password`, T0.`salt`, T0.`email`, T0.`last_login`, T0.`last_ip`, T0.`status` FROM `pp_user` T0 WHERE T0.`id` = ? LIMIT 1] - `1`
[ORM]2018/03/16 17:17:01  -[Queries/default] - [  OK /    db.Query /     0.3ms] - [SELECT T0.`id`, T0.`user_name`, T0.`password`, T0.`salt`, T0.`email`, T0.`last_login`, T0.`last_ip`, T0.`status` FROM `pp_user` T0 WHERE T0.`id` = ? LIMIT 1] - `1`
[ORM]2018/03/16 17:17:01  -[Queries/default] - [  OK / db.QueryRow /     0.3ms] - [SELECT `id`, `user_id`, `server_id`, `group_id`, `task_name`, `task_type`, `description`, `cron_spec`, `concurrent`, `command`, `status`, `timeout`, `execute_times`, `prev_time`, `create_time` FROM `pp_task` WHERE `id` = ? ] - `1`
[ORM]2018/03/16 17:17:01  -[Queries/default] - [  OK /     db.Exec /     0.6ms] - [UPDATE `pp_task` SET `user_id` = ?, `server_id` = ?, `group_id` = ?, `task_name` = ?, `task_type` = ?, `description` = ?, `cron_spec` = ?, `concurrent` = ?, `command` = ?, `status` = ?, `timeout` = ?, `execute_times` = ?, `prev_time` = ?, `create_time` = ? WHERE `id` = ?] - `1`, `0`, `2`, `æµ‹è¯•ä»»åŠ¡åç§°`, `0`, `æµ‹è¯•ä»»åŠ¡è¯´æ˜Ž`, `0 0/1 11 * *`, `0`, `echo "hello\n" >> /tmp/test_cron1.log`, `0`, `0`, `48`, `1521191791`, `1497855526`, `1`
[ORM]2018/03/16 17:17:01  -[Queries/default] - [  OK /    db.Query /     0.3ms] - [SELECT T0.`id`, T0.`user_name`, T0.`password`, T0.`salt`, T0.`email`, T0.`last_login`, T0.`last_ip`, T0.`status` FROM `pp_user` T0 WHERE T0.`id` = ? LIMIT 1] - `1`
[ORM]2018/03/16 17:17:01  -[Queries/default] - [  OK / db.QueryRow /     0.1ms] - [SELECT COUNT(*) FROM `pp_task` T0 ]
[ORM]2018/03/16 17:17:01  -[Queries/default] - [  OK /    db.Query /     0.1ms] - [SELECT T0.`id`, T0.`user_id`, T0.`server_id`, T0.`group_id`, T0.`task_name`, T0.`task_type`, T0.`description`, T0.`cron_spec`, T0.`concurrent`, T0.`command`, T0.`status`, T0.`timeout`, T0.`execute_times`, T0.`prev_time`, T0.`create_time` FROM `pp_task` T0 ORDER BY T0.`id` DESC LIMIT 20]
[ORM]2018/03/16 17:17:01  -[Queries/default] - [  OK / db.QueryRow /     0.1ms] - [SELECT COUNT(*) FROM `pp_task_group` T0 ]
[ORM]2018/03/16 17:17:01  -[Queries/default] - [  OK /    db.Query /     0.1ms] - [SELECT T0.`id`, T0.`user_id`, T0.`group_name`, T0.`description`, T0.`create_time` FROM `pp_task_group` T0 ORDER BY T0.`id` DESC LIMIT 100]
[ORM]2018/03/16 17:17:01  -[Queries/default] - [  OK / db.QueryRow /     0.1ms] - [SELECT COUNT(*) FROM `pp_task_server` T0 ]
[ORM]2018/03/16 17:17:01  -[Queries/default] - [  OK /    db.Query /     0.1ms] - [SELECT T0.`id`, T0.`server_name`, T0.`server_account`, T0.`server_ip`, T0.`port`, T0.`password`, T0.`private_key_src`, T0.`public_key_src`, T0.`type`, T0.`detail`, T0.`create_time`, T0.`update_time`, T0.`status` FROM `pp_task_server` T0 ORDER BY T0.`id` DESC LIMIT 100]
2018/03/16 17:17:01.506 [1;44m[D] [server.go:2694] ::1 - - [16/Mar/2018 05:17:01] "GET /task/list HTTP/1.1 200 0" 0.006651 http://localhost:8001/task/list Mozilla/5.0 (Macintosh; Intel Mac OS X 10_13_3) AppleWebKit/537.36 (KHTML, like Gecko) Chrome/64.0.3282.186 Safari/537.36
[0m
[ORM]2018/03/16 17:17:01  -[Queries/default] - [  OK /    db.Query /     0.5ms] - [SELECT T0.`id`, T0.`user_name`, T0.`password`, T0.`salt`, T0.`email`, T0.`last_login`, T0.`last_ip`, T0.`status` FROM `pp_user` T0 WHERE T0.`id` = ? LIMIT 1] - `1`
[ORM]2018/03/16 17:17:02  -[Queries/default] - [  OK /    db.Query /     0.4ms] - [SELECT T0.`id`, T0.`user_name`, T0.`password`, T0.`salt`, T0.`email`, T0.`last_login`, T0.`last_ip`, T0.`status` FROM `pp_user` T0 WHERE T0.`id` = ? LIMIT 1] - `1`
[ORM]2018/03/16 17:17:02  -[Queries/default] - [  OK / db.QueryRow /     0.3ms] - [SELECT `id`, `user_id`, `server_id`, `group_id`, `task_name`, `task_type`, `description`, `cron_spec`, `concurrent`, `command`, `status`, `timeout`, `execute_times`, `prev_time`, `create_time` FROM `pp_task` WHERE `id` = ? ] - `1`
[ORM]2018/03/16 17:17:02  -[Queries/default] - [  OK / db.QueryRow /     0.1ms] - [SELECT COUNT(*) FROM `pp_task_group` T0 ]
[ORM]2018/03/16 17:17:02  -[Queries/default] - [  OK /    db.Query /     0.6ms] - [SELECT T0.`id`, T0.`user_id`, T0.`group_name`, T0.`description`, T0.`create_time` FROM `pp_task_group` T0 ORDER BY T0.`id` DESC LIMIT 100]
[ORM]2018/03/16 17:17:02  -[Queries/default] - [  OK / db.QueryRow /     0.6ms] - [SELECT COUNT(*) FROM `pp_task_server` T0 ]
[ORM]2018/03/16 17:17:02  -[Queries/default] - [  OK /    db.Query /     0.3ms] - [SELECT T0.`id`, T0.`server_name`, T0.`server_account`, T0.`server_ip`, T0.`port`, T0.`password`, T0.`private_key_src`, T0.`public_key_src`, T0.`type`, T0.`detail`, T0.`create_time`, T0.`update_time`, T0.`status` FROM `pp_task_server` T0 ORDER BY T0.`id` DESC LIMIT 100]
2018/03/16 17:17:02.604 [1;44m[D] [server.go:2694] ::1 - - [16/Mar/2018 05:17:02] "GET /task/edit?id=1 HTTP/1.1 200 0" 0.014315 http://localhost:8001/task/list Mozilla/5.0 (Macintosh; Intel Mac OS X 10_13_3) AppleWebKit/537.36 (KHTML, like Gecko) Chrome/64.0.3282.186 Safari/537.36
[0m
[ORM]2018/03/16 17:17:02  -[Queries/default] - [  OK /    db.Query /     0.4ms] - [SELECT T0.`id`, T0.`user_name`, T0.`password`, T0.`salt`, T0.`email`, T0.`last_login`, T0.`last_ip`, T0.`status` FROM `pp_user` T0 WHERE T0.`id` = ? LIMIT 1] - `1`
[ORM]2018/03/16 17:17:25  -[Queries/default] - [  OK /    db.Query /     0.4ms] - [SELECT T0.`id`, T0.`user_name`, T0.`password`, T0.`salt`, T0.`email`, T0.`last_login`, T0.`last_ip`, T0.`status` FROM `pp_user` T0 WHERE T0.`id` = ? LIMIT 1] - `1`
[ORM]2018/03/16 17:17:25  -[Queries/default] - [  OK / db.QueryRow /     0.2ms] - [SELECT COUNT(*) FROM `pp_task_group` T0 ]
[ORM]2018/03/16 17:17:25  -[Queries/default] - [  OK /    db.Query /     0.2ms] - [SELECT T0.`id`, T0.`user_id`, T0.`group_name`, T0.`description`, T0.`create_time` FROM `pp_task_group` T0 ORDER BY T0.`id` DESC LIMIT 20]
2018/03/16 17:17:25.826 [1;44m[D] [server.go:2694] ::1 - - [16/Mar/2018 05:17:25] "GET /group/list HTTP/1.1 200 0" 0.012430 http://localhost:8001/task/list Mozilla/5.0 (Macintosh; Intel Mac OS X 10_13_3) AppleWebKit/537.36 (KHTML, like Gecko) Chrome/64.0.3282.186 Safari/537.36
[0m
[ORM]2018/03/16 17:17:25  -[Queries/default] - [  OK /    db.Query /     0.4ms] - [SELECT T0.`id`, T0.`user_name`, T0.`password`, T0.`salt`, T0.`email`, T0.`last_login`, T0.`last_ip`, T0.`status` FROM `pp_user` T0 WHERE T0.`id` = ? LIMIT 1] - `1`
[ORM]2018/03/16 17:17:27  -[Queries/default] - [  OK /    db.Query /     0.3ms] - [SELECT T0.`id`, T0.`user_name`, T0.`password`, T0.`salt`, T0.`email`, T0.`last_login`, T0.`last_ip`, T0.`status` FROM `pp_user` T0 WHERE T0.`id` = ? LIMIT 1] - `1`
2018/03/16 17:17:27.068 [1;44m[D] [server.go:2694] ::1 - - [16/Mar/2018 05:17:27] "GET /help HTTP/1.1 200 0" 0.002847 http://localhost:8001/group/list Mozilla/5.0 (Macintosh; Intel Mac OS X 10_13_3) AppleWebKit/537.36 (KHTML, like Gecko) Chrome/64.0.3282.186 Safari/537.36
[0m
[ORM]2018/03/16 17:17:27  -[Queries/default] - [  OK /    db.Query /     0.8ms] - [SELECT T0.`id`, T0.`user_name`, T0.`password`, T0.`salt`, T0.`email`, T0.`last_login`, T0.`last_ip`, T0.`status` FROM `pp_user` T0 WHERE T0.`id` = ? LIMIT 1] - `1`
[ORM]2018/03/16 17:17:41  -[Queries/default] - [  OK /    db.Query /     0.3ms] - [SELECT T0.`id`, T0.`user_name`, T0.`password`, T0.`salt`, T0.`email`, T0.`last_login`, T0.`last_ip`, T0.`status` FROM `pp_user` T0 WHERE T0.`id` = ? LIMIT 1] - `1`
[ORM]2018/03/16 17:17:41  -[Queries/default] - [  OK / db.QueryRow /     0.1ms] - [SELECT COUNT(*) FROM `pp_task_server` T0 ]
[ORM]2018/03/16 17:17:41  -[Queries/default] - [  OK /    db.Query /     0.1ms] - [SELECT T0.`id`, T0.`server_name`, T0.`server_account`, T0.`server_ip`, T0.`port`, T0.`password`, T0.`private_key_src`, T0.`public_key_src`, T0.`type`, T0.`detail`, T0.`create_time`, T0.`update_time`, T0.`status` FROM `pp_task_server` T0 ORDER BY T0.`id` DESC LIMIT 20]
2018/03/16 17:17:41.176 [1;44m[D] [server.go:2694] ::1 - - [16/Mar/2018 05:17:41] "GET /server/list HTTP/1.1 200 0" 0.013063 http://localhost:8001/help Mozilla/5.0 (Macintosh; Intel Mac OS X 10_13_3) AppleWebKit/537.36 (KHTML, like Gecko) Chrome/64.0.3282.186 Safari/537.36
[0m
2018/03/16 17:17:41.204 [1;44m[D] [server.go:2694] ::1 - - [16/Mar/2018 05:17:41] "GET /static/bootstrap/css/bootstrap.min.css HTTP/1.1 304 0" 0.000064 http://localhost:8001/server/list Mozilla/5.0 (Macintosh; Intel Mac OS X 10_13_3) AppleWebKit/537.36 (KHTML, like Gecko) Chrome/64.0.3282.186 Safari/537.36
[0m
2018/03/16 17:17:41.206 [1;44m[D] [server.go:2694] ::1 - - [16/Mar/2018 05:17:41] "GET /static/css/style.css HTTP/1.1 304 0" 0.000080 http://localhost:8001/server/list Mozilla/5.0 (Macintosh; Intel Mac OS X 10_13_3) AppleWebKit/537.36 (KHTML, like Gecko) Chrome/64.0.3282.186 Safari/537.36
[0m
2018/03/16 17:17:41.206 [1;44m[D] [server.go:2694] ::1 - - [16/Mar/2018 05:17:41] "GET /static/css/dermadefault.css HTTP/1.1 304 0" 0.000060 http://localhost:8001/server/list Mozilla/5.0 (Macintosh; Intel Mac OS X 10_13_3) AppleWebKit/537.36 (KHTML, like Gecko) Chrome/64.0.3282.186 Safari/537.36
[0m
2018/03/16 17:17:41.208 [1;44m[D] [server.go:2694] ::1 - - [16/Mar/2018 05:17:41] "GET /static/css/dermagreen.css HTTP/1.1 304 0" 0.000588 http://localhost:8001/server/list Mozilla/5.0 (Macintosh; Intel Mac OS X 10_13_3) AppleWebKit/537.36 (KHTML, like Gecko) Chrome/64.0.3282.186 Safari/537.36
[0m
2018/03/16 17:17:41.212 [1;44m[D] [server.go:2694] ::1 - - [16/Mar/2018 05:17:41] "GET /static/js/jquery-1.11.1.min.js HTTP/1.1 304 0" 0.000062 http://localhost:8001/server/list Mozilla/5.0 (Macintosh; Intel Mac OS X 10_13_3) AppleWebKit/537.36 (KHTML, like Gecko) Chrome/64.0.3282.186 Safari/537.36
[0m
2018/03/16 17:17:41.212 [1;44m[D] [server.go:2694] ::1 - - [16/Mar/2018 05:17:41] "GET /static/css/templatecss.css HTTP/1.1 304 0" 0.000035 http://localhost:8001/server/list Mozilla/5.0 (Macintosh; Intel Mac OS X 10_13_3) AppleWebKit/537.36 (KHTML, like Gecko) Chrome/64.0.3282.186 Safari/537.36
[0m
2018/03/16 17:17:41.212 [1;44m[D] [server.go:2694] ::1 - - [16/Mar/2018 05:17:41] "GET /static/css/dermaorange.css HTTP/1.1 304 0" 0.000031 http://localhost:8001/server/list Mozilla/5.0 (Macintosh; Intel Mac OS X 10_13_3) AppleWebKit/537.36 (KHTML, like Gecko) Chrome/64.0.3282.186 Safari/537.36
[0m
2018/03/16 17:17:41.213 [1;44m[D] [server.go:2694] ::1 - - [16/Mar/2018 05:17:41] "GET /static/js/jquery.cookie.js HTTP/1.1 304 0" 0.000065 http://localhost:8001/server/list Mozilla/5.0 (Macintosh; Intel Mac OS X 10_13_3) AppleWebKit/537.36 (KHTML, like Gecko) Chrome/64.0.3282.186 Safari/537.36
[0m
2018/03/16 17:17:41.213 [1;44m[D] [server.go:2694] ::1 - - [16/Mar/2018 05:17:41] "GET /static/bootstrap/js/bootstrap.min.js HTTP/1.1 304 0" 0.000049 http://localhost:8001/server/list Mozilla/5.0 (Macintosh; Intel Mac OS X 10_13_3) AppleWebKit/537.36 (KHTML, like Gecko) Chrome/64.0.3282.186 Safari/537.36
[0m
2018/03/16 17:17:41.340 [1;44m[D] [server.go:2694] ::1 - - [16/Mar/2018 05:17:41] "GET /static/bootstrap/fonts/glyphicons-halflings-regular.woff2 HTTP/1.1 304 0" 0.000046 http://localhost:8001/static/bootstrap/css/bootstrap.min.css Mozilla/5.0 (Macintosh; Intel Mac OS X 10_13_3) AppleWebKit/537.36 (KHTML, like Gecko) Chrome/64.0.3282.186 Safari/537.36
[0m
[ORM]2018/03/16 17:17:41  -[Queries/default] - [  OK /    db.Query /     0.5ms] - [SELECT T0.`id`, T0.`user_name`, T0.`password`, T0.`salt`, T0.`email`, T0.`last_login`, T0.`last_ip`, T0.`status` FROM `pp_user` T0 WHERE T0.`id` = ? LIMIT 1] - `1`
[ORM]2018/03/16 17:17:45  -[Queries/default] - [  OK /    db.Query /     0.3ms] - [SELECT T0.`id`, T0.`user_name`, T0.`password`, T0.`salt`, T0.`email`, T0.`last_login`, T0.`last_ip`, T0.`status` FROM `pp_user` T0 WHERE T0.`id` = ? LIMIT 1] - `1`
[ORM]2018/03/16 17:17:45  -[Queries/default] - [  OK /    db.Query /     0.2ms] - [SELECT T0.`id`, T0.`user_name`, T0.`password`, T0.`salt`, T0.`email`, T0.`last_login`, T0.`last_ip`, T0.`status` FROM `pp_user` T0 WHERE T0.`id` = ? LIMIT 1] - `1`
2018/03/16 17:17:45.660 [1;44m[D] [server.go:2694] ::1 - - [16/Mar/2018 05:17:45] "GET /profile HTTP/1.1 200 0" 0.010595 http://localhost:8001/server/list Mozilla/5.0 (Macintosh; Intel Mac OS X 10_13_3) AppleWebKit/537.36 (KHTML, like Gecko) Chrome/64.0.3282.186 Safari/537.36
[0m
[ORM]2018/03/16 17:17:45  -[Queries/default] - [  OK /    db.Query /     0.4ms] - [SELECT T0.`id`, T0.`user_name`, T0.`password`, T0.`salt`, T0.`email`, T0.`last_login`, T0.`last_ip`, T0.`status` FROM `pp_user` T0 WHERE T0.`id` = ? LIMIT 1] - `1`
[ORM]2018/03/16 17:18:00  -[Queries/default] - [  OK /    db.Query /     0.3ms] - [SELECT T0.`id`, T0.`user_name`, T0.`password`, T0.`salt`, T0.`email`, T0.`last_login`, T0.`last_ip`, T0.`status` FROM `pp_user` T0 WHERE T0.`id` = ? LIMIT 1] - `1`
[ORM]2018/03/16 17:18:00  -[Queries/default] - [  OK / db.QueryRow /     0.1ms] - [SELECT COUNT(*) FROM `pp_task_group` T0 ]
[ORM]2018/03/16 17:18:00  -[Queries/default] - [  OK /    db.Query /     0.1ms] - [SELECT T0.`id`, T0.`user_id`, T0.`group_name`, T0.`description`, T0.`create_time` FROM `pp_task_group` T0 ORDER BY T0.`id` DESC LIMIT 100]
[ORM]2018/03/16 17:18:00  -[Queries/default] - [  OK / db.QueryRow /     0.1ms] - [SELECT COUNT(*) FROM `pp_task` T0 ]
[ORM]2018/03/16 17:18:00  -[Queries/default] - [  OK /    db.Query /     0.2ms] - [SELECT T0.`id`, T0.`user_id`, T0.`server_id`, T0.`group_id`, T0.`task_name`, T0.`task_type`, T0.`description`, T0.`cron_spec`, T0.`concurrent`, T0.`command`, T0.`status`, T0.`timeout`, T0.`execute_times`, T0.`prev_time`, T0.`create_time` FROM `pp_task` T0 ORDER BY T0.`id` DESC LIMIT 200]
[ORM]2018/03/16 17:18:00  -[Queries/default] - [  OK / db.QueryRow /     0.1ms] - [SELECT COUNT(*) FROM `pp_task_log` T0 ]
[ORM]2018/03/16 17:18:00  -[Queries/default] - [  OK /    db.Query /     0.2ms] - [SELECT T0.`id`, T0.`task_id`, T0.`output`, T0.`error`, T0.`status`, T0.`process_time`, T0.`create_time` FROM `pp_task_log` T0 ORDER BY T0.`id` DESC LIMIT 20]
[ORM]2018/03/16 17:18:00  -[Queries/default] - [  OK / db.QueryRow /     0.2ms] - [SELECT `id`, `user_id`, `server_id`, `group_id`, `task_name`, `task_type`, `description`, `cron_spec`, `concurrent`, `command`, `status`, `timeout`, `execute_times`, `prev_time`, `create_time` FROM `pp_task` WHERE `id` = ? ] - `1`
[ORM]2018/03/16 17:18:00  -[Queries/default] - [  OK / db.QueryRow /     0.2ms] - [SELECT `id`, `user_id`, `server_id`, `group_id`, `task_name`, `task_type`, `description`, `cron_spec`, `concurrent`, `command`, `status`, `timeout`, `execute_times`, `prev_time`, `create_time` FROM `pp_task` WHERE `id` = ? ] - `9`
[ORM]2018/03/16 17:18:00  -[Queries/default] - [  OK / db.QueryRow /     0.2ms] - [SELECT `id`, `user_id`, `server_id`, `group_id`, `task_name`, `task_type`, `description`, `cron_spec`, `concurrent`, `command`, `status`, `timeout`, `execute_times`, `prev_time`, `create_time` FROM `pp_task` WHERE `id` = ? ] - `1`
[ORM]2018/03/16 17:18:00  -[Queries/default] - [  OK / db.QueryRow /     0.2ms] - [SELECT `id`, `user_id`, `server_id`, `group_id`, `task_name`, `task_type`, `description`, `cron_spec`, `concurrent`, `command`, `status`, `timeout`, `execute_times`, `prev_time`, `create_time` FROM `pp_task` WHERE `id` = ? ] - `3`
[ORM]2018/03/16 17:18:00  -[Queries/default] - [  OK / db.QueryRow /     0.2ms] - [SELECT `id`, `user_id`, `server_id`, `group_id`, `task_name`, `task_type`, `description`, `cron_spec`, `concurrent`, `command`, `status`, `timeout`, `execute_times`, `prev_time`, `create_time` FROM `pp_task` WHERE `id` = ? ] - `3`
[ORM]2018/03/16 17:18:00  -[Queries/default] - [  OK / db.QueryRow /     0.2ms] - [SELECT `id`, `user_id`, `server_id`, `group_id`, `task_name`, `task_type`, `description`, `cron_spec`, `concurrent`, `command`, `status`, `timeout`, `execute_times`, `prev_time`, `create_time` FROM `pp_task` WHERE `id` = ? ] - `7`
[ORM]2018/03/16 17:18:00  -[Queries/default] - [  OK / db.QueryRow /     0.2ms] - [SELECT `id`, `user_id`, `server_id`, `group_id`, `task_name`, `task_type`, `description`, `cron_spec`, `concurrent`, `command`, `status`, `timeout`, `execute_times`, `prev_time`, `create_time` FROM `pp_task` WHERE `id` = ? ] - `8`
[ORM]2018/03/16 17:18:00  -[Queries/default] - [  OK / db.QueryRow /     0.2ms] - [SELECT `id`, `user_id`, `server_id`, `group_id`, `task_name`, `task_type`, `description`, `cron_spec`, `concurrent`, `command`, `status`, `timeout`, `execute_times`, `prev_time`, `create_time` FROM `pp_task` WHERE `id` = ? ] - `7`
[ORM]2018/03/16 17:18:00  -[Queries/default] - [  OK / db.QueryRow /     0.2ms] - [SELECT `id`, `user_id`, `server_id`, `group_id`, `task_name`, `task_type`, `description`, `cron_spec`, `concurrent`, `command`, `status`, `timeout`, `execute_times`, `prev_time`, `create_time` FROM `pp_task` WHERE `id` = ? ] - `7`
[ORM]2018/03/16 17:18:00  -[Queries/default] - [  OK / db.QueryRow /     0.2ms] - [SELECT `id`, `user_id`, `server_id`, `group_id`, `task_name`, `task_type`, `description`, `cron_spec`, `concurrent`, `command`, `status`, `timeout`, `execute_times`, `prev_time`, `create_time` FROM `pp_task` WHERE `id` = ? ] - `7`
[ORM]2018/03/16 17:18:00  -[Queries/default] - [  OK / db.QueryRow /     0.3ms] - [SELECT `id`, `user_id`, `server_id`, `group_id`, `task_name`, `task_type`, `description`, `cron_spec`, `concurrent`, `command`, `status`, `timeout`, `execute_times`, `prev_time`, `create_time` FROM `pp_task` WHERE `id` = ? ] - `8`
[ORM]2018/03/16 17:18:00  -[Queries/default] - [  OK / db.QueryRow /     0.2ms] - [SELECT `id`, `user_id`, `server_id`, `group_id`, `task_name`, `task_type`, `description`, `cron_spec`, `concurrent`, `command`, `status`, `timeout`, `execute_times`, `prev_time`, `create_time` FROM `pp_task` WHERE `id` = ? ] - `7`
[ORM]2018/03/16 17:18:00  -[Queries/default] - [  OK / db.QueryRow /     0.2ms] - [SELECT `id`, `user_id`, `server_id`, `group_id`, `task_name`, `task_type`, `description`, `cron_spec`, `concurrent`, `command`, `status`, `timeout`, `execute_times`, `prev_time`, `create_time` FROM `pp_task` WHERE `id` = ? ] - `7`
[ORM]2018/03/16 17:18:00  -[Queries/default] - [  OK / db.QueryRow /     0.2ms] - [SELECT `id`, `user_id`, `server_id`, `group_id`, `task_name`, `task_type`, `description`, `cron_spec`, `concurrent`, `command`, `status`, `timeout`, `execute_times`, `prev_time`, `create_time` FROM `pp_task` WHERE `id` = ? ] - `7`
[ORM]2018/03/16 17:18:00  -[Queries/default] - [  OK / db.QueryRow /     0.2ms] - [SELECT `id`, `user_id`, `server_id`, `group_id`, `task_name`, `task_type`, `description`, `cron_spec`, `concurrent`, `command`, `status`, `timeout`, `execute_times`, `prev_time`, `create_time` FROM `pp_task` WHERE `id` = ? ] - `8`
[ORM]2018/03/16 17:18:00  -[Queries/default] - [  OK / db.QueryRow /     0.2ms] - [SELECT `id`, `user_id`, `server_id`, `group_id`, `task_name`, `task_type`, `description`, `cron_spec`, `concurrent`, `command`, `status`, `timeout`, `execute_times`, `prev_time`, `create_time` FROM `pp_task` WHERE `id` = ? ] - `7`
[ORM]2018/03/16 17:18:00  -[Queries/default] - [  OK / db.QueryRow /     0.3ms] - [SELECT `id`, `user_id`, `server_id`, `group_id`, `task_name`, `task_type`, `description`, `cron_spec`, `concurrent`, `command`, `status`, `timeout`, `execute_times`, `prev_time`, `create_time` FROM `pp_task` WHERE `id` = ? ] - `7`
[ORM]2018/03/16 17:18:00  -[Queries/default] - [  OK / db.QueryRow /     0.7ms] - [SELECT `id`, `user_id`, `server_id`, `group_id`, `task_name`, `task_type`, `description`, `cron_spec`, `concurrent`, `command`, `status`, `timeout`, `execute_times`, `prev_time`, `create_time` FROM `pp_task` WHERE `id` = ? ] - `7`
[ORM]2018/03/16 17:18:00  -[Queries/default] - [  OK / db.QueryRow /     0.2ms] - [SELECT `id`, `user_id`, `server_id`, `group_id`, `task_name`, `task_type`, `description`, `cron_spec`, `concurrent`, `command`, `status`, `timeout`, `execute_times`, `prev_time`, `create_time` FROM `pp_task` WHERE `id` = ? ] - `8`
[ORM]2018/03/16 17:18:00  -[Queries/default] - [  OK / db.QueryRow /     0.2ms] - [SELECT `id`, `user_id`, `server_id`, `group_id`, `task_name`, `task_type`, `description`, `cron_spec`, `concurrent`, `command`, `status`, `timeout`, `execute_times`, `prev_time`, `create_time` FROM `pp_task` WHERE `id` = ? ] - `7`
[ORM]2018/03/16 17:18:01  -[Queries/default] - [  OK / db.QueryRow /     7.8ms] - [SELECT COUNT(*) FROM `pp_task_log` T0 WHERE T0.`status` < ? ] - `0`
[ORM]2018/03/16 17:18:01  -[Queries/default] - [  OK /    db.Query /     0.4ms] - [SELECT T0.`id`, T0.`task_id`, T0.`output`, T0.`error`, T0.`status`, T0.`process_time`, T0.`create_time` FROM `pp_task_log` T0 WHERE T0.`status` < ? ORDER BY T0.`id` DESC LIMIT 20] - `0`
2018/03/16 17:18:01.009 [1;44m[D] [server.go:2694] ::1 - - [16/Mar/2018 05:18:00] "GET / HTTP/1.1 200 0" 0.022475 http://localhost:8001/profile Mozilla/5.0 (Macintosh; Intel Mac OS X 10_13_3) AppleWebKit/537.36 (KHTML, like Gecko) Chrome/64.0.3282.186 Safari/537.36
[0m
[ORM]2018/03/16 17:18:01  -[Queries/default] - [  OK /    db.Query /     0.4ms] - [SELECT T0.`id`, T0.`user_name`, T0.`password`, T0.`salt`, T0.`email`, T0.`last_login`, T0.`last_ip`, T0.`status` FROM `pp_user` T0 WHERE T0.`id` = ? LIMIT 1] - `1`
[ORM]2018/03/16 17:18:14  -[Queries/default] - [  OK /    db.Query /     0.4ms] - [SELECT T0.`id`, T0.`user_name`, T0.`password`, T0.`salt`, T0.`email`, T0.`last_login`, T0.`last_ip`, T0.`status` FROM `pp_user` T0 WHERE T0.`id` = ? LIMIT 1] - `1`
[ORM]2018/03/16 17:18:14  -[Queries/default] - [  OK / db.QueryRow /     0.1ms] - [SELECT COUNT(*) FROM `pp_task` T0 ]
[ORM]2018/03/16 17:18:14  -[Queries/default] - [  OK /    db.Query /     0.3ms] - [SELECT T0.`id`, T0.`user_id`, T0.`server_id`, T0.`group_id`, T0.`task_name`, T0.`task_type`, T0.`description`, T0.`cron_spec`, T0.`concurrent`, T0.`command`, T0.`status`, T0.`timeout`, T0.`execute_times`, T0.`prev_time`, T0.`create_time` FROM `pp_task` T0 ORDER BY T0.`id` DESC LIMIT 20]
[ORM]2018/03/16 17:18:14  -[Queries/default] - [  OK / db.QueryRow /     0.3ms] - [SELECT COUNT(*) FROM `pp_task_group` T0 ]
[ORM]2018/03/16 17:18:14  -[Queries/default] - [  OK /    db.Query /     0.2ms] - [SELECT T0.`id`, T0.`user_id`, T0.`group_name`, T0.`description`, T0.`create_time` FROM `pp_task_group` T0 ORDER BY T0.`id` DESC LIMIT 100]
[ORM]2018/03/16 17:18:14  -[Queries/default] - [  OK / db.QueryRow /     0.2ms] - [SELECT COUNT(*) FROM `pp_task_server` T0 ]
[ORM]2018/03/16 17:18:14  -[Queries/default] - [  OK /    db.Query /     0.4ms] - [SELECT T0.`id`, T0.`server_name`, T0.`server_account`, T0.`server_ip`, T0.`port`, T0.`password`, T0.`private_key_src`, T0.`public_key_src`, T0.`type`, T0.`detail`, T0.`create_time`, T0.`update_time`, T0.`status` FROM `pp_task_server` T0 ORDER BY T0.`id` DESC LIMIT 100]
2018/03/16 17:18:14.806 [1;44m[D] [server.go:2694] ::1 - - [16/Mar/2018 05:18:14] "GET /task/list HTTP/1.1 200 0" 0.019693 http://localhost:8001/ Mozilla/5.0 (Macintosh; Intel Mac OS X 10_13_3) AppleWebKit/537.36 (KHTML, like Gecko) Chrome/64.0.3282.186 Safari/537.36
[0m
[ORM]2018/03/16 17:18:15  -[Queries/default] - [  OK /    db.Query /     0.3ms] - [SELECT T0.`id`, T0.`user_name`, T0.`password`, T0.`salt`, T0.`email`, T0.`last_login`, T0.`last_ip`, T0.`status` FROM `pp_user` T0 WHERE T0.`id` = ? LIMIT 1] - `1`
[ORM]2018/03/16 17:18:22  -[Queries/default] - [  OK /    db.Query /     0.3ms] - [SELECT T0.`id`, T0.`user_name`, T0.`password`, T0.`salt`, T0.`email`, T0.`last_login`, T0.`last_ip`, T0.`status` FROM `pp_user` T0 WHERE T0.`id` = ? LIMIT 1] - `1`
[ORM]2018/03/16 17:18:22  -[Queries/default] - [  OK / db.QueryRow /     0.3ms] - [SELECT `id`, `user_id`, `server_id`, `group_id`, `task_name`, `task_type`, `description`, `cron_spec`, `concurrent`, `command`, `status`, `timeout`, `execute_times`, `prev_time`, `create_time` FROM `pp_task` WHERE `id` = ? ] - `1`
[ORM]2018/03/16 17:18:22  -[Queries/default] - [  OK / db.QueryRow /     0.2ms] - [SELECT COUNT(*) FROM `pp_task_log` T0 WHERE T0.`task_id` = ? ] - `1`
[ORM]2018/03/16 17:18:22  -[Queries/default] - [  OK /    db.Query /     0.3ms] - [SELECT T0.`id`, T0.`task_id`, T0.`output`, T0.`error`, T0.`status`, T0.`process_time`, T0.`create_time` FROM `pp_task_log` T0 WHERE T0.`task_id` = ? ORDER BY T0.`id` DESC LIMIT 20] - `1`
2018/03/16 17:18:22.638 [1;44m[D] [server.go:2694] ::1 - - [16/Mar/2018 05:18:22] "GET /task/logs?id=1 HTTP/1.1 200 0" 0.004569 http://localhost:8001/task/list Mozilla/5.0 (Macintosh; Intel Mac OS X 10_13_3) AppleWebKit/537.36 (KHTML, like Gecko) Chrome/64.0.3282.186 Safari/537.36
[0m
[ORM]2018/03/16 17:18:22  -[Queries/default] - [  OK /    db.Query /     1.6ms] - [SELECT T0.`id`, T0.`user_name`, T0.`password`, T0.`salt`, T0.`email`, T0.`last_login`, T0.`last_ip`, T0.`status` FROM `pp_user` T0 WHERE T0.`id` = ? LIMIT 1] - `1`
